make all --print-data-base --no-builtin-variables --no-builtin-rules --question
make: *** No rule to make target 'all'.  Stop.
 
# GNU Make 4.2.1
# Built for x86_64-pc-linux-gnu
# Copyright (C) 1988-2016 Free Software Foundation, Inc.
# License GPLv3+: GNU GPL version 3 or later <http://gnu.org/licenses/gpl.html>
# This is free software: you are free to change and redistribute it.
# There is NO WARRANTY, to the extent permitted by law.

# Make data base, printed on Thu Dec 16 10:12:01 2021

# Variables

# 'override' directive
GNUMAKEFLAGS := 
# automatic
<D = $(patsubst %/,%,$(dir $<))
# automatic
?F = $(notdir $?)
# environment
DESKTOP_SESSION = ubuntu
# default
.SHELLFLAGS := -c
# environment
XDG_SESSION_CLASS = user
# environment
SNAP_COMMON = /var/snap/code/common
# environment
XDG_SESSION_TYPE = x11
# environment
VSCODE_LOG_NATIVE = false
# automatic
?D = $(patsubst %/,%,$(dir $?))
# environment
IM_CONFIG_PHASE = 1
# automatic
@D = $(patsubst %/,%,$(dir $@))
# environment
XAUTHORITY = /run/user/1000/gdm/Xauthority
# environment
GDMSESSION = ubuntu
# environment
XMODIFIERS = @im=ibus
# makefile
CURDIR := /home/friden/文档/CUDA_Code
# makefile
SHELL = /bin/sh
# environment
SNAP_DATA = /var/snap/code/84
# environment
VSCODE_NLS_CONFIG = {"locale":"zh-cn","availableLanguages":{"*":"zh-cn"},"_languagePackId":"85dc8b33bfa057e31dfd84e9a10f67e1.zh-cn","_translationsConfigFile":"/home/friden/.config/Code/clp/85dc8b33bfa057e31dfd84e9a10f67e1.zh-cn/tcf.json","_cacheRoot":"/home/friden/.config/Code/clp/85dc8b33bfa057e31dfd84e9a10f67e1.zh-cn","_resolvedLanguagePackCoreLocation":"/home/friden/.config/Code/clp/85dc8b33bfa057e31dfd84e9a10f67e1.zh-cn/fe719cd3e5825bf14e14182fddeb88ee8daf044f","_corruptedFile":"/home/friden/.config/Code/clp/85dc8b33bfa057e31dfd84e9a10f67e1.zh-cn/corrupted.info","_languagePackSupport":true}
# environment
JOURNAL_STREAM = 8:40847
# environment
XDG_CONFIG_DIRS = /etc/xdg/xdg-ubuntu:/etc/xdg
# environment
SNAP_INSTANCE_NAME = code
# environment
SNAP_ARCH = amd64
# makefile
MAKEFILE_LIST := 
# automatic
@F = $(notdir $@)
# environment
GIO_LAUNCHED_DESKTOP_FILE = /var/lib/snapd/desktop/applications/code_code.desktop
# environment
USERNAME = friden
# environment
XDG_DATA_DIRS = /usr/share/ubuntu:/usr/local/share/:/usr/share/:/var/lib/snapd/desktop
# environment
DBUS_SESSION_BUS_ADDRESS = unix:path=/run/user/1000/bus
# environment
VSCODE_VERBOSE_LOGGING = true
# environment
_ = /snap/code/84/usr/share/code/code
# environment
MANAGERPID = 1674
# environment
VSCODE_IPC_HOOK_EXTHOST = /run/user/1000/vscode-ipc-564dc361-2c12-4dd2-a60e-541953932eb6.sock
# environment
VSCODE_CWD = /home/friden
# environment
GSETTINGS_SCHEMA_DIR = /snap/code/84/usr/share/glib-2.0/schemas
# default
MAKE_HOST := x86_64-pc-linux-gnu
# environment
PATH = /usr/local/sbin:/usr/local/bin:/usr/sbin:/usr/bin:/sbin:/bin:/usr/games:/usr/local/games:/snap/bin:/usr/local/cuda-11.5/lib64:/usr/local/cuda-11.5/extras/CPUTI/lib64:/usr/local/cuda/bin:/home/friden/文档/CUDA_Code:/root/anaconda3/bin
# environment
GPG_AGENT_INFO = /run/user/1000/gnupg/S.gpg-agent:0:1
# environment
LSCOLORS = Gxfxcxdxbxegedabagacad
# environment
SESSION_MANAGER = local/Learner:@/tmp/.ICE-unix/1955,unix/Learner:/tmp/.ICE-unix/1955
# environment
XDG_RUNTIME_DIR = /run/user/1000
# environment
GDK_PIXBUF_MODULE_FILE = /home/friden/snap/code/common/.cache/gdk-pixbuf-loaders.cache
# environment
SNAP = /snap/code/84
# environment
SNAP_VERSION = fe719cd3
# environment
XDG_MENU_PREFIX = gnome-
# environment
VSCODE_LOG_STACK = false
# environment
DISABLE_WAYLAND = 1
# environment
VSCODE_CRASH_REPORTER_START_OPTIONS = {"companyName":"Microsoft","productName":"VSCode","submitURL":"appcenter://code?aid=fba07a4d-84bd-4fc8-a125-9640fc8ce171&uid=0181ecc0-0012-4f98-831e-99469350e966&iid=0181ecc0-0012-4f98-831e-99469350e966&sid=0181ecc0-0012-4f98-831e-99469350e966","uploadToServer":true}
# environment
INVOCATION_ID = 8c18882f14a041989837736523d44b53
# environment
ANACONDA_PATH = /root/anaconda3/bin
# environment
GDK_PIXBUF_MODULEDIR = /snap/code/84/usr/lib/x86_64-linux-gnu/gdk-pixbuf-2.0/2.10.0/loaders
# default
.FEATURES := target-specific order-only second-expansion else-if shortest-stem undefine oneshell archives jobserver output-sync check-symlink load
# environment
ELECTRON_NO_ATTACH_CONSOLE = 1
# environment
LS_COLORS = 
# environment
XDG_SESSION_DESKTOP = ubuntu
# environment
SSH_AUTH_SOCK = /run/user/1000/keyring/ssh
# environment
GIO_LAUNCHED_DESKTOP_FILE_PID = 11205
# automatic
%F = $(notdir $%)
# environment
DISPLAY = :1
# environment
VSCODE_PIPE_LOGGING = true
# environment
SNAP_INSTANCE_KEY = 
# environment
PWD = /home/friden/文档/CUDA_Code
# default
.LOADED := 
# environment
SSH_AGENT_PID = 1921
# environment
ORIGINAL_XDG_CURRENT_DESKTOP = ubuntu:GNOME
# environment
GTK_MODULES = gail:atk-bridge
# environment
VSCODE_AMD_ENTRYPOINT = vs/workbench/services/extensions/node/extensionHostProcess
# environment
HOME = /home/friden
# environment
LD_LIBRARY_PATH = /usr/local/cuda-11.5/lib64:/usr/local/cuda-11.5/extras/CPUTI/lib64
# environment
VSCODE_CLI = 1
# environment
VSCODE_CODE_CACHE_PATH = /home/friden/.config/Code/CachedData/fe719cd3e5825bf14e14182fddeb88ee8daf044f
# environment
LOGNAME = friden
# environment
APPLICATION_INSIGHTS_NO_DIAGNOSTIC_CHANNEL = true
# environment
SNAP_LIBRARY_PATH = /var/lib/snapd/lib/gl:/var/lib/snapd/lib/gl32:/var/lib/snapd/void
# environment
SNAP_CONTEXT = XD8CTDfxKACvZcSzfxc0KLdJuK4PsWlYYrKSFHLMPy6S1ZNRDonG
# environment
ZSH = /home/friden/.oh-my-zsh
# environment
SNAP_USER_COMMON = /home/friden/snap/code/common
# environment
VSCODE_HANDLES_UNCAUGHT_ERRORS = true
# environment
GNOME_DESKTOP_SESSION_ID = this-is-deprecated
# automatic
^D = $(patsubst %/,%,$(dir $^))
# environment
MAKELEVEL := 0
# environment
SNAP_REAL_HOME = /home/friden
# default
MAKE = $(MAKE_COMMAND)
# default
MAKECMDGOALS := all
# environment
QT_IM_MODULE = ibus
# environment
SNAP_USER_DATA = /home/friden/snap/code/84
# environment
SHLVL = 0
# environment
GNOME_SHELL_SESSION_MODE = ubuntu
# default
MAKE_VERSION := 4.2.1
# environment
USER = friden
# environment
SNAP_REVISION = 84
# makefile
.DEFAULT_GOAL := 
# environment
XDG_CURRENT_DESKTOP = Unity
# environment
LESS = -R
# automatic
%D = $(patsubst %/,%,$(dir $%))
# default
MAKE_COMMAND := make
# environment
OLDPWD = /home/friden
# default
.VARIABLES := 
# automatic
*F = $(notdir $*)
# environment
LANGUAGE = zh_CN:zh
# environment
VSCODE_IPC_HOOK = /run/user/1000/vscode-1b0d1e20-1.63.1-main.sock
# environment
BAMF_DESKTOP_FILE_HINT = /var/lib/snapd/desktop/applications/code_code.desktop
# makefile
MAKEFLAGS = pqrR
# environment
MY_CPP_PATH = /home/friden/文档/CUDA_Code
# environment
MFLAGS = -pqrR
# automatic
*D = $(patsubst %/,%,$(dir $*))
# environment
BREAKPAD_DUMP_LOCATION = /home/friden/.config/Code/exthost Crash Reports
# automatic
+D = $(patsubst %/,%,$(dir $+))
# environment
GDK_BACKEND = x11
# automatic
+F = $(notdir $+)
# environment
NO_AT_BRIDGE = 1
# environment
QT_ACCESSIBILITY = 1
# environment
CUDA_HOME = /usr/local/cuda/bin
# default
MAKEFILES := 
# environment
SNAP_COOKIE = XD8CTDfxKACvZcSzfxc0KLdJuK4PsWlYYrKSFHLMPy6S1ZNRDonG
# automatic
<F = $(notdir $<)
# environment
ELECTRON_RUN_AS_NODE = 1
# environment
SNAP_NAME = code
# environment
PAGER = less
# environment
LC_ALL = C
# environment
GJS_DEBUG_TOPICS = JS ERROR;JS LOG
# automatic
^F = $(notdir $^)
# default
SUFFIXES := 
# environment
SNAP_REEXEC = 
# environment
CHROME_DESKTOP = code-url-handler.desktop
# environment
WINDOWPATH = 2
# default
.INCLUDE_DIRS = /usr/include /usr/local/include /usr/include
# environment
GJS_DEBUG_OUTPUT = stderr
# default
.RECIPEPREFIX := 
# environment
LANG = C
# environment
VSCODE_PID = 2424
# variable set hash-table stats:
# Load=131/1024=13%, Rehash=0, Collisions=19/153=12%

# Pattern-specific Variable Values

# No pattern-specific variable values.
 

# Directories

# . (device 2051, inode 7078247): 17 files, no impossibilities.

# 17 files, no impossibilities in 1 directories.

# Implicit Rules

# No implicit rules.

# Files

# Not a target:
all:
#  Command line target.
#  Implicit rule search has been done.
#  File does not exist.
#  File has not been updated.

# Not a target:
Makefile:
#  Implicit rule search has been done.
#  File does not exist.
#  File has been updated.
#  Failed to be updated.

# Not a target:
makefile:
#  Implicit rule search has been done.
#  File does not exist.
#  File has been updated.
#  Failed to be updated.

# Not a target:
.DEFAULT:
#  Implicit rule search has not been done.
#  Modification time never checked.
#  File has not been updated.

# Not a target:
GNUmakefile:
#  Implicit rule search has been done.
#  File does not exist.
#  File has been updated.
#  Failed to be updated.

# files hash-table stats:
# Load=6/1024=1%, Rehash=0, Collisions=0/15=0%
# VPATH Search Paths

# No 'vpath' search paths.

# No general ('VPATH' variable) search path.

# strcache buffers: 1 (0) / strings = 25 / storage = 285 B / avg = 11 B
# current buf: size = 8162 B / used = 285 B / count = 25 / avg = 11 B

# strcache performance: lookups = 28 / hit rate = 10%
# hash-table stats:
# Load=25/8192=0%, Rehash=0, Collisions=1/28=4%
# Finished Make data base on Thu Dec 16 10:12:01 2021

 
